<?xml version="1.0" encoding="UTF-8"?>
<beans xmlns="http://www.springframework.org/schema/beans"
       xmlns:xsi="http://www.w3.org/2001/XMLSchema-instance"
       xmlns:context="http://www.springframework.org/schema/context"
       xsi:schemaLocation="http://www.springframework.org/schema/beans
    http://www.springframework.org/schema/beans/spring-beans.xsd




    http://www.springframework.org/schema/context http://www.springframework.org/schema/context/spring-context.xsd">

    <!--Test only-->
    <bean class="org.springframework.batch.test.JobLauncherTestUtils"/>

    <!--Load our properties file-->
    <context:property-placeholder
            location="classpath:batch.test.properties"
            ignore-unresolvable="true"/>

    <bean id="headerHandler" class="transitdata.io.batch.HeaderHandler"/>
    <bean id="lineTokenizer" class="org.springframework.batch.item.file.transform.DelimitedLineTokenizer">
        <property name="strict" value="false"/>
    </bean>

    <!-- Initialize the database before every test case: -->
    <bean id="dataSourceInitializer" class="org.springframework.batch.test.DataSourceInitializer">
        <property name="dataSource" ref="dataSource"/>
        <property name="initScripts">
            <list>
                <value>${batch.drop.script}</value>
                <value>${batch.schema.script}</value>
            </list>
        </property>
    </bean>

    <bean id="dataSource" class="com.jolbox.bonecp.BoneCPDataSource">
        <property name="driverClass" value="${batch.jdbc.driver}"/>
        <property name="jdbcUrl" value="${batch.jdbc.url}"/>
        <property name="username" value="${batch.jdbc.user}"/>
        <property name="password" value="${batch.jdbc.password}"/>
    </bean>

    <bean id="transactionManager"
          class="org.springframework.jdbc.datasource.DataSourceTransactionManager"
          lazy-init="true">
        <property name="dataSource" ref="dataSource"/>
    </bean>

    <bean id="jobRepository"
          class="org.springframework.batch.core.repository.support.JobRepositoryFactoryBean">
        <property name="dataSource" ref="dataSource"/>
        <property name="transactionManager" ref="transactionManager"/>
        <property name="databaseType" value="H2"/>
    </bean>

    <bean id="jobLauncher"
          class="org.springframework.batch.core.launch.support.SimpleJobLauncher">
        <property name="jobRepository" ref="jobRepository"/>
    </bean>
</beans>
